SafeRoute/SafeRoute/app/build/intermediates/manifest_merge_blame_file/release/manifest-merger-blame-release-report.txt
1<?xml version="1.0" encoding="utf-8"?>
2<manifest xmlns:android="http://schemas.android.com/apk/res/android"
3    package="com.saferoute"
4    android:versionCode="1"
5    android:versionName="1.0.0" >
6
7    <uses-sdk
8        android:minSdkVersion="26"
9        android:targetSdkVersion="34" />
10
11    <!-- Permissions -->
12    <uses-permission android:name="android.permission.INTERNET" />
12-->src\main\AndroidManifest.xml:6:5-67
12-->src\main\AndroidManifest.xml:6:22-64
13    <uses-permission android:name="android.permission.ACCESS_FINE_LOCATION" />
13-->src\main\AndroidManifest.xml:7:5-79
13-->src\main\AndroidManifest.xml:7:22-76
14    <uses-permission android:name="android.permission.ACCESS_COARSE_LOCATION" />
14-->src\main\AndroidManifest.xml:8:5-81
14-->src\main\AndroidManifest.xml:8:22-78
15    <uses-permission android:name="android.permission.ACCESS_BACKGROUND_LOCATION" />
15-->src\main\AndroidManifest.xml:9:5-85
15-->src\main\AndroidManifest.xml:9:22-82
16    <uses-permission android:name="android.permission.FOREGROUND_SERVICE" />
16-->src\main\AndroidManifest.xml:10:5-77
16-->src\main\AndroidManifest.xml:10:22-74
17    <uses-permission android:name="android.permission.FOREGROUND_SERVICE_LOCATION" />
17-->src\main\AndroidManifest.xml:11:5-86
17-->src\main\AndroidManifest.xml:11:22-83
18    <uses-permission android:name="android.permission.CALL_PHONE" />
18-->src\main\AndroidManifest.xml:12:5-69
18-->src\main\AndroidManifest.xml:12:22-66
19    <uses-permission android:name="android.permission.VIBRATE" />
19-->src\main\AndroidManifest.xml:13:5-66
19-->src\main\AndroidManifest.xml:13:22-63
20    <uses-permission android:name="android.permission.WAKE_LOCK" />
20-->src\main\AndroidManifest.xml:14:5-68
20-->src\main\AndroidManifest.xml:14:22-65
21    <uses-permission android:name="android.permission.RECEIVE_BOOT_COMPLETED" />
21-->src\main\AndroidManifest.xml:15:5-81
21-->src\main\AndroidManifest.xml:15:22-78
22    <uses-permission android:name="android.permission.BLUETOOTH" />
22-->src\main\AndroidManifest.xml:16:5-68
22-->src\main\AndroidManifest.xml:16:22-65
23    <uses-permission android:name="android.permission.BLUETOOTH_ADMIN" />
23-->src\main\AndroidManifest.xml:17:5-74
23-->src\main\AndroidManifest.xml:17:22-71
24    <uses-permission android:name="android.permission.BLUETOOTH_SCAN" />
24-->src\main\AndroidManifest.xml:18:5-73
24-->src\main\AndroidManifest.xml:18:22-70
25    <uses-permission android:name="android.permission.BLUETOOTH_CONNECT" />
25-->src\main\AndroidManifest.xml:19:5-76
25-->src\main\AndroidManifest.xml:19:22-73
26    <uses-permission android:name="android.permission.BLUETOOTH_ADVERTISE" />
26-->src\main\AndroidManifest.xml:20:5-78
26-->src\main\AndroidManifest.xml:20:22-75
27    <uses-permission android:name="android.permission.USE_BIOMETRIC" />
27-->src\main\AndroidManifest.xml:21:5-72
27-->src\main\AndroidManifest.xml:21:22-69
28    <uses-permission android:name="android.permission.USE_FINGERPRINT" />
28-->src\main\AndroidManifest.xml:22:5-74
28-->src\main\AndroidManifest.xml:22:22-71
29    <uses-permission android:name="android.permission.HIGH_SAMPLING_RATE_SENSORS" />
29-->src\main\AndroidManifest.xml:23:5-85
29-->src\main\AndroidManifest.xml:23:22-82
30    <uses-permission android:name="android.permission.POST_NOTIFICATIONS" />
30-->src\main\AndroidManifest.xml:24:5-77
30-->src\main\AndroidManifest.xml:24:22-74
31    <uses-permission android:name="android.permission.SYSTEM_ALERT_WINDOW" />
31-->src\main\AndroidManifest.xml:25:5-78
31-->src\main\AndroidManifest.xml:25:22-75
32    <uses-permission android:name="android.permission.ACCESS_COARSE_LOCATION" />
32-->src\main\AndroidManifest.xml:8:5-81
32-->src\main\AndroidManifest.xml:8:22-78
33
34    <!-- Permission de base localisation -->
35
36    <uses-permission android:name="android.permission.ACCESS_COARSE_LOCATION" />
36-->src\main\AndroidManifest.xml:8:5-81
36-->src\main\AndroidManifest.xml:8:22-78
37
38    <!-- OBLIGATOIRE pour FGS type location (Android 14+) -->
39
40
41    <!-- Hardware features -->
42    <uses-feature
42-->src\main\AndroidManifest.xml:37:5-39:36
43        android:name="android.hardware.bluetooth"
43-->src\main\AndroidManifest.xml:38:9-50
44        android:required="false" />
44-->src\main\AndroidManifest.xml:39:9-33
45    <uses-feature
45-->src\main\AndroidManifest.xml:40:5-42:36
46        android:name="android.hardware.bluetooth_le"
46-->src\main\AndroidManifest.xml:41:9-53
47        android:required="false" />
47-->src\main\AndroidManifest.xml:42:9-33
48    <uses-feature
48-->src\main\AndroidManifest.xml:43:5-45:36
49        android:name="android.hardware.location.gps"
49-->src\main\AndroidManifest.xml:44:9-53
50        android:required="false" />
50-->src\main\AndroidManifest.xml:45:9-33
51    <uses-feature
51-->src\main\AndroidManifest.xml:46:5-48:35
52        android:name="android.hardware.sensor.accelerometer"
52-->src\main\AndroidManifest.xml:47:9-61
53        android:required="true" />
53-->src\main\AndroidManifest.xml:48:9-32
54
55    <!-- Include required permissions for Google Maps API to run. -->
56    <uses-permission android:name="android.permission.ACCESS_NETWORK_STATE" />
56-->[com.google.android.gms:play-services-maps:18.2.0] AndroidManifest.xml:23:5-79
56-->[com.google.android.gms:play-services-maps:18.2.0] AndroidManifest.xml:23:22-76
57
58    <uses-feature
58-->[com.google.android.gms:play-services-maps:18.2.0] AndroidManifest.xml:26:5-28:35
59        android:glEsVersion="0x00020000"
59-->[com.google.android.gms:play-services-maps:18.2.0] AndroidManifest.xml:27:9-41
60        android:required="true" />
60-->[com.google.android.gms:play-services-maps:18.2.0] AndroidManifest.xml:28:9-32
61
62    <queries>
62-->[com.google.android.gms:play-services-maps:18.2.0] AndroidManifest.xml:30:5-34:15
63
64        <!-- Needs to be explicitly declared on Android R+ -->
65        <package android:name="com.google.android.apps.maps" />
65-->[com.google.android.gms:play-services-maps:18.2.0] AndroidManifest.xml:33:9-64
65-->[com.google.android.gms:play-services-maps:18.2.0] AndroidManifest.xml:33:18-61
66    </queries>
67
68    <permission
68-->[androidx.core:core:1.12.0] AndroidManifest.xml:22:5-24:47
69        android:name="com.saferoute.DYNAMIC_RECEIVER_NOT_EXPORTED_PERMISSION"
69-->[androidx.core:core:1.12.0] AndroidManifest.xml:23:9-81
70        android:protectionLevel="signature" />
70-->[androidx.core:core:1.12.0] AndroidManifest.xml:24:9-44
71
72    <uses-permission android:name="com.saferoute.DYNAMIC_RECEIVER_NOT_EXPORTED_PERMISSION" />
72-->[androidx.core:core:1.12.0] AndroidManifest.xml:26:5-97
72-->[androidx.core:core:1.12.0] AndroidManifest.xml:26:22-94
73
74    <application
74-->src\main\AndroidManifest.xml:50:5-116:19
75        android:name="com.saferoute.SafeRouteApplication"
75-->src\main\AndroidManifest.xml:51:9-45
76        android:allowBackup="true"
76-->src\main\AndroidManifest.xml:52:9-35
77        android:appComponentFactory="androidx.core.app.CoreComponentFactory"
77-->[androidx.core:core:1.12.0] AndroidManifest.xml:28:18-86
78        android:dataExtractionRules="@xml/data_extraction_rules"
78-->src\main\AndroidManifest.xml:53:9-65
79        android:extractNativeLibs="false"
80        android:fullBackupContent="@xml/backup_rules"
80-->src\main\AndroidManifest.xml:54:9-54
81        android:label="@string/app_name"
81-->src\main\AndroidManifest.xml:55:9-41
82        android:supportsRtl="true"
82-->src\main\AndroidManifest.xml:56:9-35
83        android:theme="@style/Theme.SafeRoute" >
83-->src\main\AndroidManifest.xml:57:9-47
84
85        <!-- Main Activity -->
86        <activity
86-->src\main\AndroidManifest.xml:61:9-72:20
87            android:name="com.saferoute.presentation.MainActivity"
87-->src\main\AndroidManifest.xml:62:13-54
88            android:exported="true"
88-->src\main\AndroidManifest.xml:63:13-36
89            android:launchMode="singleTask"
89-->src\main\AndroidManifest.xml:64:13-44
90            android:screenOrientation="portrait"
90-->src\main\AndroidManifest.xml:65:13-49
91            android:theme="@style/Theme.SafeRoute"
91-->src\main\AndroidManifest.xml:66:13-51
92            android:windowSoftInputMode="adjustResize" >
92-->src\main\AndroidManifest.xml:67:13-55
93            <intent-filter>
93-->src\main\AndroidManifest.xml:68:13-71:29
94                <action android:name="android.intent.action.MAIN" />
94-->src\main\AndroidManifest.xml:69:17-69
94-->src\main\AndroidManifest.xml:69:25-66
95
96                <category android:name="android.intent.category.LAUNCHER" />
96-->src\main\AndroidManifest.xml:70:17-77
96-->src\main\AndroidManifest.xml:70:27-74
97            </intent-filter>
98        </activity>
99
100        <!-- Fall Detection Service -->
101
102        <service
102-->src\main\AndroidManifest.xml:76:9-79:56
103            android:name="com.saferoute.service.FallDetectionService"
103-->src\main\AndroidManifest.xml:77:13-57
104            android:exported="false"
104-->src\main\AndroidManifest.xml:78:13-37
105            android:foregroundServiceType="location" />
105-->src\main\AndroidManifest.xml:79:13-53
106
107        <!-- Location Tracking Service -->
108        <service
108-->src\main\AndroidManifest.xml:82:9-86:56
109            android:name="com.saferoute.service.LocationTrackingService"
109-->src\main\AndroidManifest.xml:83:13-60
110            android:enabled="true"
110-->src\main\AndroidManifest.xml:84:13-35
111            android:exported="false"
111-->src\main\AndroidManifest.xml:85:13-37
112            android:foregroundServiceType="location" />
112-->src\main\AndroidManifest.xml:86:13-53
113
114        <!-- Bluetooth Service -->
115        <service
115-->src\main\AndroidManifest.xml:89:9-92:40
116            android:name="com.saferoute.service.BluetoothService"
116-->src\main\AndroidManifest.xml:90:13-53
117            android:enabled="true"
117-->src\main\AndroidManifest.xml:91:13-35
118            android:exported="false" />
118-->src\main\AndroidManifest.xml:92:13-37
119
120        <!-- SOS Alert Service -->
121        <service
121-->src\main\AndroidManifest.xml:95:9-99:56
122            android:name="com.saferoute.service.SOSAlertService"
122-->src\main\AndroidManifest.xml:96:13-52
123            android:enabled="true"
123-->src\main\AndroidManifest.xml:97:13-35
124            android:exported="false"
124-->src\main\AndroidManifest.xml:98:13-37
125            android:foregroundServiceType="location" />
125-->src\main\AndroidManifest.xml:99:13-53
126
127        <!-- Boot Receiver -->
128        <receiver
128-->src\main\AndroidManifest.xml:102:9-109:20
129            android:name="com.saferoute.service.BootReceiver"
129-->src\main\AndroidManifest.xml:103:13-49
130            android:enabled="true"
130-->src\main\AndroidManifest.xml:104:13-35
131            android:exported="true" >
131-->src\main\AndroidManifest.xml:105:13-36
132            <intent-filter>
132-->src\main\AndroidManifest.xml:106:13-108:29
133                <action android:name="android.intent.action.BOOT_COMPLETED" />
133-->src\main\AndroidManifest.xml:107:17-79
133-->src\main\AndroidManifest.xml:107:25-76
134            </intent-filter>
135        </receiver>
136
137        <!-- Google Maps API Key -->
138        <meta-data
138-->src\main\AndroidManifest.xml:112:9-114:49
139            android:name="com.google.android.geo.API_KEY"
139-->src\main\AndroidManifest.xml:113:13-58
140            android:value="YOUR_API_KEY_HERE" />
140-->src\main\AndroidManifest.xml:114:13-46
141
142        <!-- Needs to be explicitly declared on P+ -->
143        <uses-library
143-->[com.google.android.gms:play-services-maps:18.2.0] AndroidManifest.xml:39:9-41:40
144            android:name="org.apache.http.legacy"
144-->[com.google.android.gms:play-services-maps:18.2.0] AndroidManifest.xml:40:13-50
145            android:required="false" />
145-->[com.google.android.gms:play-services-maps:18.2.0] AndroidManifest.xml:41:13-37
146
147        <activity
147-->[com.google.android.gms:play-services-auth:20.7.0] AndroidManifest.xml:23:9-27:75
148            android:name="com.google.android.gms.auth.api.signin.internal.SignInHubActivity"
148-->[com.google.android.gms:play-services-auth:20.7.0] AndroidManifest.xml:24:13-93
149            android:excludeFromRecents="true"
149-->[com.google.android.gms:play-services-auth:20.7.0] AndroidManifest.xml:25:13-46
150            android:exported="false"
150-->[com.google.android.gms:play-services-auth:20.7.0] AndroidManifest.xml:26:13-37
151            android:theme="@android:style/Theme.Translucent.NoTitleBar" />
151-->[com.google.android.gms:play-services-auth:20.7.0] AndroidManifest.xml:27:13-72
152        <!--
153            Service handling Google Sign-In user revocation. For apps that do not integrate with
154            Google Sign-In, this service will never be started.
155        -->
156        <service
156-->[com.google.android.gms:play-services-auth:20.7.0] AndroidManifest.xml:33:9-37:51
157            android:name="com.google.android.gms.auth.api.signin.RevocationBoundService"
157-->[com.google.android.gms:play-services-auth:20.7.0] AndroidManifest.xml:34:13-89
158            android:exported="true"
158-->[com.google.android.gms:play-services-auth:20.7.0] AndroidManifest.xml:35:13-36
159            android:permission="com.google.android.gms.auth.api.signin.permission.REVOCATION_NOTIFICATION"
159-->[com.google.android.gms:play-services-auth:20.7.0] AndroidManifest.xml:36:13-107
160            android:visibleToInstantApps="true" />
160-->[com.google.android.gms:play-services-auth:20.7.0] AndroidManifest.xml:37:13-48
161
162        <activity
162-->[com.google.android.gms:play-services-base:18.1.0] AndroidManifest.xml:20:9-22:45
163            android:name="com.google.android.gms.common.api.GoogleApiActivity"
163-->[com.google.android.gms:play-services-base:18.1.0] AndroidManifest.xml:20:19-85
164            android:exported="false"
164-->[com.google.android.gms:play-services-base:18.1.0] AndroidManifest.xml:22:19-43
165            android:theme="@android:style/Theme.Translucent.NoTitleBar" />
165-->[com.google.android.gms:play-services-base:18.1.0] AndroidManifest.xml:21:19-78
166
167        <provider
167-->[androidx.work:work-runtime:2.9.0] AndroidManifest.xml:29:9-37:20
168            android:name="androidx.startup.InitializationProvider"
168-->[androidx.work:work-runtime:2.9.0] AndroidManifest.xml:30:13-67
169            android:authorities="com.saferoute.androidx-startup"
169-->[androidx.work:work-runtime:2.9.0] AndroidManifest.xml:31:13-68
170            android:exported="false" >
170-->[androidx.work:work-runtime:2.9.0] AndroidManifest.xml:32:13-37
171            <meta-data
171-->[androidx.work:work-runtime:2.9.0] AndroidManifest.xml:34:13-36:52
172                android:name="androidx.work.WorkManagerInitializer"
172-->[androidx.work:work-runtime:2.9.0] AndroidManifest.xml:35:17-68
173                android:value="androidx.startup" />
173-->[androidx.work:work-runtime:2.9.0] AndroidManifest.xml:36:17-49
174            <meta-data
174-->[androidx.emoji2:emoji2:1.3.0] AndroidManifest.xml:29:13-31:52
175                android:name="androidx.emoji2.text.EmojiCompatInitializer"
175-->[androidx.emoji2:emoji2:1.3.0] AndroidManifest.xml:30:17-75
176                android:value="androidx.startup" />
176-->[androidx.emoji2:emoji2:1.3.0] AndroidManifest.xml:31:17-49
177            <meta-data
177-->[androidx.lifecycle:lifecycle-process:2.6.2] AndroidManifest.xml:29:13-31:52
178                android:name="androidx.lifecycle.ProcessLifecycleInitializer"
178-->[androidx.lifecycle:lifecycle-process:2.6.2] AndroidManifest.xml:30:17-78
179                android:value="androidx.startup" />
179-->[androidx.lifecycle:lifecycle-process:2.6.2] AndroidManifest.xml:31:17-49
180            <meta-data
180-->[androidx.profileinstaller:profileinstaller:1.3.0] AndroidManifest.xml:29:13-31:52
181                android:name="androidx.profileinstaller.ProfileInstallerInitializer"
181-->[androidx.profileinstaller:profileinstaller:1.3.0] AndroidManifest.xml:30:17-85
182                android:value="androidx.startup" />
182-->[androidx.profileinstaller:profileinstaller:1.3.0] AndroidManifest.xml:31:17-49
183        </provider>
184
185        <service
185-->[androidx.work:work-runtime:2.9.0] AndroidManifest.xml:39:9-45:35
186            android:name="androidx.work.impl.background.systemalarm.SystemAlarmService"
186-->[androidx.work:work-runtime:2.9.0] AndroidManifest.xml:40:13-88
187            android:directBootAware="false"
187-->[androidx.work:work-runtime:2.9.0] AndroidManifest.xml:41:13-44
188            android:enabled="@bool/enable_system_alarm_service_default"
188-->[androidx.work:work-runtime:2.9.0] AndroidManifest.xml:42:13-72
189            android:exported="false" />
189-->[androidx.work:work-runtime:2.9.0] AndroidManifest.xml:43:13-37
190        <service
190-->[androidx.work:work-runtime:2.9.0] AndroidManifest.xml:46:9-52:35
191            android:name="androidx.work.impl.background.systemjob.SystemJobService"
191-->[androidx.work:work-runtime:2.9.0] AndroidManifest.xml:47:13-84
192            android:directBootAware="false"
192-->[androidx.work:work-runtime:2.9.0] AndroidManifest.xml:48:13-44
193            android:enabled="@bool/enable_system_job_service_default"
193-->[androidx.work:work-runtime:2.9.0] AndroidManifest.xml:49:13-70
194            android:exported="true"
194-->[androidx.work:work-runtime:2.9.0] AndroidManifest.xml:50:13-36
195            android:permission="android.permission.BIND_JOB_SERVICE" />
195-->[androidx.work:work-runtime:2.9.0] AndroidManifest.xml:51:13-69
196        <service
196-->[androidx.work:work-runtime:2.9.0] AndroidManifest.xml:53:9-59:35
197            android:name="androidx.work.impl.foreground.SystemForegroundService"
197-->[androidx.work:work-runtime:2.9.0] AndroidManifest.xml:54:13-81
198            android:directBootAware="false"
198-->[androidx.work:work-runtime:2.9.0] AndroidManifest.xml:55:13-44
199            android:enabled="@bool/enable_system_foreground_service_default"
199-->[androidx.work:work-runtime:2.9.0] AndroidManifest.xml:56:13-77
200            android:exported="false" />
200-->[androidx.work:work-runtime:2.9.0] AndroidManifest.xml:57:13-37
201
202        <receiver
202-->[androidx.work:work-runtime:2.9.0] AndroidManifest.xml:61:9-66:35
203            android:name="androidx.work.impl.utils.ForceStopRunnable$BroadcastReceiver"
203-->[androidx.work:work-runtime:2.9.0] AndroidManifest.xml:62:13-88
204            android:directBootAware="false"
204-->[androidx.work:work-runtime:2.9.0] AndroidManifest.xml:63:13-44
205            android:enabled="true"
205-->[androidx.work:work-runtime:2.9.0] AndroidManifest.xml:64:13-35
206            android:exported="false" />
206-->[androidx.work:work-runtime:2.9.0] AndroidManifest.xml:65:13-37
207        <receiver
207-->[androidx.work:work-runtime:2.9.0] AndroidManifest.xml:67:9-77:20
208            android:name="androidx.work.impl.background.systemalarm.ConstraintProxy$BatteryChargingProxy"
208-->[androidx.work:work-runtime:2.9.0] AndroidManifest.xml:68:13-106
209            android:directBootAware="false"
209-->[androidx.work:work-runtime:2.9.0] AndroidManifest.xml:69:13-44
210            android:enabled="false"
210-->[androidx.work:work-runtime:2.9.0] AndroidManifest.xml:70:13-36
211            android:exported="false" >
211-->[androidx.work:work-runtime:2.9.0] AndroidManifest.xml:71:13-37
212            <intent-filter>
212-->[androidx.work:work-runtime:2.9.0] AndroidManifest.xml:73:13-76:29
213                <action android:name="android.intent.action.ACTION_POWER_CONNECTED" />
213-->[androidx.work:work-runtime:2.9.0] AndroidManifest.xml:74:17-87
213-->[androidx.work:work-runtime:2.9.0] AndroidManifest.xml:74:25-84
214                <action android:name="android.intent.action.ACTION_POWER_DISCONNECTED" />
214-->[androidx.work:work-runtime:2.9.0] AndroidManifest.xml:75:17-90
214-->[androidx.work:work-runtime:2.9.0] AndroidManifest.xml:75:25-87
215            </intent-filter>
216        </receiver>
217        <receiver
217-->[androidx.work:work-runtime:2.9.0] AndroidManifest.xml:78:9-88:20
218            android:name="androidx.work.impl.background.systemalarm.ConstraintProxy$BatteryNotLowProxy"
218-->[androidx.work:work-runtime:2.9.0] AndroidManifest.xml:79:13-104
219            android:directBootAware="false"
219-->[androidx.work:work-runtime:2.9.0] AndroidManifest.xml:80:13-44
220            android:enabled="false"
220-->[androidx.work:work-runtime:2.9.0] AndroidManifest.xml:81:13-36
221            android:exported="false" >
221-->[androidx.work:work-runtime:2.9.0] AndroidManifest.xml:82:13-37
222            <intent-filter>
222-->[androidx.work:work-runtime:2.9.0] AndroidManifest.xml:84:13-87:29
223                <action android:name="android.intent.action.BATTERY_OKAY" />
223-->[androidx.work:work-runtime:2.9.0] AndroidManifest.xml:85:17-77
223-->[androidx.work:work-runtime:2.9.0] AndroidManifest.xml:85:25-74
224                <action android:name="android.intent.action.BATTERY_LOW" />
224-->[androidx.work:work-runtime:2.9.0] AndroidManifest.xml:86:17-76
224-->[androidx.work:work-runtime:2.9.0] AndroidManifest.xml:86:25-73
225            </intent-filter>
226        </receiver>
227        <receiver
227-->[androidx.work:work-runtime:2.9.0] AndroidManifest.xml:89:9-99:20
228            android:name="androidx.work.impl.background.systemalarm.ConstraintProxy$StorageNotLowProxy"
228-->[androidx.work:work-runtime:2.9.0] AndroidManifest.xml:90:13-104
229            android:directBootAware="false"
229-->[androidx.work:work-runtime:2.9.0] AndroidManifest.xml:91:13-44
230            android:enabled="false"
230-->[androidx.work:work-runtime:2.9.0] AndroidManifest.xml:92:13-36
231            android:exported="false" >
231-->[androidx.work:work-runtime:2.9.0] AndroidManifest.xml:93:13-37
232            <intent-filter>
232-->[androidx.work:work-runtime:2.9.0] AndroidManifest.xml:95:13-98:29
233                <action android:name="android.intent.action.DEVICE_STORAGE_LOW" />
233-->[androidx.work:work-runtime:2.9.0] AndroidManifest.xml:96:17-83
233-->[androidx.work:work-runtime:2.9.0] AndroidManifest.xml:96:25-80
234                <action android:name="android.intent.action.DEVICE_STORAGE_OK" />
234-->[androidx.work:work-runtime:2.9.0] AndroidManifest.xml:97:17-82
234-->[androidx.work:work-runtime:2.9.0] AndroidManifest.xml:97:25-79
235            </intent-filter>
236        </receiver>
237        <receiver
237-->[androidx.work:work-runtime:2.9.0] AndroidManifest.xml:100:9-109:20
238            android:name="androidx.work.impl.background.systemalarm.ConstraintProxy$NetworkStateProxy"
238-->[androidx.work:work-runtime:2.9.0] AndroidManifest.xml:101:13-103
239            android:directBootAware="false"
239-->[androidx.work:work-runtime:2.9.0] AndroidManifest.xml:102:13-44
240            android:enabled="false"
240-->[androidx.work:work-runtime:2.9.0] AndroidManifest.xml:103:13-36
241            android:exported="false" >
241-->[androidx.work:work-runtime:2.9.0] AndroidManifest.xml:104:13-37
242            <intent-filter>
242-->[androidx.work:work-runtime:2.9.0] AndroidManifest.xml:106:13-108:29
243                <action android:name="android.net.conn.CONNECTIVITY_CHANGE" />
243-->[androidx.work:work-runtime:2.9.0] AndroidManifest.xml:107:17-79
243-->[androidx.work:work-runtime:2.9.0] AndroidManifest.xml:107:25-76
244            </intent-filter>
245        </receiver>
246        <receiver
246-->[androidx.work:work-runtime:2.9.0] AndroidManifest.xml:110:9-121:20
247            android:name="androidx.work.impl.background.systemalarm.RescheduleReceiver"
247-->[androidx.work:work-runtime:2.9.0] AndroidManifest.xml:111:13-88
248            android:directBootAware="false"
248-->[androidx.work:work-runtime:2.9.0] AndroidManifest.xml:112:13-44
249            android:enabled="false"
249-->[androidx.work:work-runtime:2.9.0] AndroidManifest.xml:113:13-36
250            android:exported="false" >
250-->[androidx.work:work-runtime:2.9.0] AndroidManifest.xml:114:13-37
251            <intent-filter>
251-->[androidx.work:work-runtime:2.9.0] AndroidManifest.xml:116:13-120:29
252                <action android:name="android.intent.action.BOOT_COMPLETED" />
252-->src\main\AndroidManifest.xml:107:17-79
252-->src\main\AndroidManifest.xml:107:25-76
253                <action android:name="android.intent.action.TIME_SET" />
253-->[androidx.work:work-runtime:2.9.0] AndroidManifest.xml:118:17-73
253-->[androidx.work:work-runtime:2.9.0] AndroidManifest.xml:118:25-70
254                <action android:name="android.intent.action.TIMEZONE_CHANGED" />
254-->[androidx.work:work-runtime:2.9.0] AndroidManifest.xml:119:17-81
254-->[androidx.work:work-runtime:2.9.0] AndroidManifest.xml:119:25-78
255            </intent-filter>
256        </receiver>
257        <receiver
257-->[androidx.work:work-runtime:2.9.0] AndroidManifest.xml:122:9-131:20
258            android:name="androidx.work.impl.background.systemalarm.ConstraintProxyUpdateReceiver"
258-->[androidx.work:work-runtime:2.9.0] AndroidManifest.xml:123:13-99
259            android:directBootAware="false"
259-->[androidx.work:work-runtime:2.9.0] AndroidManifest.xml:124:13-44
260            android:enabled="@bool/enable_system_alarm_service_default"
260-->[androidx.work:work-runtime:2.9.0] AndroidManifest.xml:125:13-72
261            android:exported="false" >
261-->[androidx.work:work-runtime:2.9.0] AndroidManifest.xml:126:13-37
262            <intent-filter>
262-->[androidx.work:work-runtime:2.9.0] AndroidManifest.xml:128:13-130:29
263                <action android:name="androidx.work.impl.background.systemalarm.UpdateProxies" />
263-->[androidx.work:work-runtime:2.9.0] AndroidManifest.xml:129:17-98
263-->[androidx.work:work-runtime:2.9.0] AndroidManifest.xml:129:25-95
264            </intent-filter>
265        </receiver>
266        <receiver
266-->[androidx.work:work-runtime:2.9.0] AndroidManifest.xml:132:9-142:20
267            android:name="androidx.work.impl.diagnostics.DiagnosticsReceiver"
267-->[androidx.work:work-runtime:2.9.0] AndroidManifest.xml:133:13-78
268            android:directBootAware="false"
268-->[androidx.work:work-runtime:2.9.0] AndroidManifest.xml:134:13-44
269            android:enabled="true"
269-->[androidx.work:work-runtime:2.9.0] AndroidManifest.xml:135:13-35
270            android:exported="true"
270-->[androidx.work:work-runtime:2.9.0] AndroidManifest.xml:136:13-36
271            android:permission="android.permission.DUMP" >
271-->[androidx.work:work-runtime:2.9.0] AndroidManifest.xml:137:13-57
272            <intent-filter>
272-->[androidx.work:work-runtime:2.9.0] AndroidManifest.xml:139:13-141:29
273                <action android:name="androidx.work.diagnostics.REQUEST_DIAGNOSTICS" />
273-->[androidx.work:work-runtime:2.9.0] AndroidManifest.xml:140:17-88
273-->[androidx.work:work-runtime:2.9.0] AndroidManifest.xml:140:25-85
274            </intent-filter>
275        </receiver>
276
277        <service
277-->[androidx.room:room-runtime:2.6.1] AndroidManifest.xml:24:9-28:63
278            android:name="androidx.room.MultiInstanceInvalidationService"
278-->[androidx.room:room-runtime:2.6.1] AndroidManifest.xml:25:13-74
279            android:directBootAware="true"
279-->[androidx.room:room-runtime:2.6.1] AndroidManifest.xml:26:13-43
280            android:exported="false" />
280-->[androidx.room:room-runtime:2.6.1] AndroidManifest.xml:27:13-37
281
282        <meta-data
282-->[com.google.android.gms:play-services-basement:18.2.0] AndroidManifest.xml:21:9-23:69
283            android:name="com.google.android.gms.version"
283-->[com.google.android.gms:play-services-basement:18.2.0] AndroidManifest.xml:22:13-58
284            android:value="@integer/google_play_services_version" />
284-->[com.google.android.gms:play-services-basement:18.2.0] AndroidManifest.xml:23:13-66
285
286        <receiver
286-->[androidx.profileinstaller:profileinstaller:1.3.0] AndroidManifest.xml:34:9-52:20
287            android:name="androidx.profileinstaller.ProfileInstallReceiver"
287-->[androidx.profileinstaller:profileinstaller:1.3.0] AndroidManifest.xml:35:13-76
288            android:directBootAware="false"
288-->[androidx.profileinstaller:profileinstaller:1.3.0] AndroidManifest.xml:36:13-44
289            android:enabled="true"
289-->[androidx.profileinstaller:profileinstaller:1.3.0] AndroidManifest.xml:37:13-35
290            android:exported="true"
290-->[androidx.profileinstaller:profileinstaller:1.3.0] AndroidManifest.xml:38:13-36
291            android:permission="android.permission.DUMP" >
291-->[androidx.profileinstaller:profileinstaller:1.3.0] AndroidManifest.xml:39:13-57
292            <intent-filter>
292-->[androidx.profileinstaller:profileinstaller:1.3.0] AndroidManifest.xml:40:13-42:29
293                <action android:name="androidx.profileinstaller.action.INSTALL_PROFILE" />
293-->[androidx.profileinstaller:profileinstaller:1.3.0] AndroidManifest.xml:41:17-91
293-->[androidx.profileinstaller:profileinstaller:1.3.0] AndroidManifest.xml:41:25-88
294            </intent-filter>
295            <intent-filter>
295-->[androidx.profileinstaller:profileinstaller:1.3.0] AndroidManifest.xml:43:13-45:29
296                <action android:name="androidx.profileinstaller.action.SKIP_FILE" />
296-->[androidx.profileinstaller:profileinstaller:1.3.0] AndroidManifest.xml:44:17-85
296-->[androidx.profileinstaller:profileinstaller:1.3.0] AndroidManifest.xml:44:25-82
297            </intent-filter>
298            <intent-filter>
298-->[androidx.profileinstaller:profileinstaller:1.3.0] AndroidManifest.xml:46:13-48:29
299                <action android:name="androidx.profileinstaller.action.SAVE_PROFILE" />
299-->[androidx.profileinstaller:profileinstaller:1.3.0] AndroidManifest.xml:47:17-88